<?xml version="1.0" encoding="UTF-8"?>
<testsuite xmlns:xsi="http://www.w3.org/2001/XMLSchema-instance" xsi:schemaLocation="https://maven.apache.org/surefire/maven-surefire-plugin/xsd/surefire-test-report.xsd" name="models.AnimalTest" time="2.444" tests="7" errors="4" skipped="0" failures="0">
  <properties>
[...]
</properties>
  <testcase name="animal_instantiatesCorrectly_false" classname="models.AnimalTest" time="0"/>
  <testcase name="save_assignsIdToObjectAndSavesObjectToDatabase" classname="models.AnimalTest" time="0.58">
    <error message="Could not acquire a connection from DataSource - FATAL: no pg_hba.conf entry for host &quot;154.153.170.206&quot;, user &quot;ccyhkvpngqxwcm&quot;, database &quot;d5j2hvlid2h80o&quot;, SSL off" type="org.sql2o.Sql2oException">org.sql2o.Sql2oException: Could not acquire a connection from DataSource - FATAL: no pg_hba.conf entry for host "154.153.170.206", user "ccyhkvpngqxwcm", database "d5j2hvlid2h80o", SSL off
	at models.AnimalTest.save_assignsIdToObjectAndSavesObjectToDatabase(AnimalTest.java:31)
Caused by: org.postgresql.util.PSQLException: FATAL: no pg_hba.conf entry for host "154.153.170.206", user "ccyhkvpngqxwcm", database "d5j2hvlid2h80o", SSL off
	at models.AnimalTest.save_assignsIdToObjectAndSavesObjectToDatabase(AnimalTest.java:31)
</error>
  </testcase>
  <testcase name="equals_returnsTrueIfNameIsTheSame_false" classname="models.AnimalTest" time="0.001"/>
  <testcase name="delete_deletesAnimalFromDatabase_0" classname="models.AnimalTest" time="0.617">
    <error message="Could not acquire a connection from DataSource - FATAL: no pg_hba.conf entry for host &quot;154.153.170.206&quot;, user &quot;ccyhkvpngqxwcm&quot;, database &quot;d5j2hvlid2h80o&quot;, SSL off" type="org.sql2o.Sql2oException">org.sql2o.Sql2oException: Could not acquire a connection from DataSource - FATAL: no pg_hba.conf entry for host "154.153.170.206", user "ccyhkvpngqxwcm", database "d5j2hvlid2h80o", SSL off
	at models.AnimalTest.delete_deletesAnimalFromDatabase_0(AnimalTest.java:58)
Caused by: org.postgresql.util.PSQLException: FATAL: no pg_hba.conf entry for host "154.153.170.206", user "ccyhkvpngqxwcm", database "d5j2hvlid2h80o", SSL off
	at models.AnimalTest.delete_deletesAnimalFromDatabase_0(AnimalTest.java:58)
</error>
  </testcase>
  <testcase name="all_returnsAllInstancesOfAnimal_false" classname="models.AnimalTest" time="0.63">
    <error message="Could not acquire a connection from DataSource - FATAL: no pg_hba.conf entry for host &quot;154.153.170.206&quot;, user &quot;ccyhkvpngqxwcm&quot;, database &quot;d5j2hvlid2h80o&quot;, SSL off" type="org.sql2o.Sql2oException">org.sql2o.Sql2oException: Could not acquire a connection from DataSource - FATAL: no pg_hba.conf entry for host "154.153.170.206", user "ccyhkvpngqxwcm", database "d5j2hvlid2h80o", SSL off
	at models.AnimalTest.all_returnsAllInstancesOfAnimal_false(AnimalTest.java:39)
Caused by: org.postgresql.util.PSQLException: FATAL: no pg_hba.conf entry for host "154.153.170.206", user "ccyhkvpngqxwcm", database "d5j2hvlid2h80o", SSL off
	at models.AnimalTest.all_returnsAllInstancesOfAnimal_false(AnimalTest.java:39)
</error>
  </testcase>
  <testcase name="getName_animalInstantiatesWithName_Hyena" classname="models.AnimalTest" time="0.001"/>
  <testcase name="find_returnsAnimalWithSameId_secondAnimal" classname="models.AnimalTest" time="0.613">
    <error message="Could not acquire a connection from DataSource - FATAL: no pg_hba.conf entry for host &quot;154.153.170.206&quot;, user &quot;ccyhkvpngqxwcm&quot;, database &quot;d5j2hvlid2h80o&quot;, SSL off" type="org.sql2o.Sql2oException">org.sql2o.Sql2oException: Could not acquire a connection from DataSource - FATAL: no pg_hba.conf entry for host "154.153.170.206", user "ccyhkvpngqxwcm", database "d5j2hvlid2h80o", SSL off
	at models.AnimalTest.find_returnsAnimalWithSameId_secondAnimal(AnimalTest.java:49)
Caused by: org.postgresql.util.PSQLException: FATAL: no pg_hba.conf entry for host "154.153.170.206", user "ccyhkvpngqxwcm", database "d5j2hvlid2h80o", SSL off
	at models.AnimalTest.find_returnsAnimalWithSameId_secondAnimal(AnimalTest.java:49)
</error>
  </testcase>
</testsuite>