<?xml version="1.0" encoding="UTF-8"?>
<testsuite xmlns:xsi="http://www.w3.org/2001/XMLSchema-instance" xsi:schemaLocation="https://maven.apache.org/surefire/maven-surefire-plugin/xsd/surefire-test-report.xsd" name="models.SightingTest" time="0.069" tests="3" errors="0" skipped="0" failures="3">
  <properties>
[...]
</properties>
  <testcase name="testSighting_getCorrectId_int" classname="models.SightingTest" time="0.02">
    <failure message="expected:&lt;18&gt; but was:&lt;0&gt;" type="java.lang.AssertionError"><![CDATA[java.lang.AssertionError: expected:<18> but was:<0>
	at models.SightingTest.testSighting_getCorrectId_int(SightingTest.java:14)
]]></failure>
  </testcase>
  <testcase name="testSighting_getCorrectLocation_String" classname="models.SightingTest" time="0.001">
    <failure message="expected:&lt;[Kenya]&gt; but was:&lt;[Zone A]&gt;" type="org.junit.ComparisonFailure"><![CDATA[org.junit.ComparisonFailure: expected:<[Kenya]> but was:<[Zone A]>
	at models.SightingTest.testSighting_getCorrectLocation_String(SightingTest.java:20)
]]></failure>
  </testcase>
  <testcase name="testSighting_getCorrectRangerName_String" classname="models.SightingTest" time="0">
    <failure message="expected:&lt;[Kevi]n&gt; but was:&lt;[Joh]n&gt;" type="org.junit.ComparisonFailure"><![CDATA[org.junit.ComparisonFailure: expected:<[Kevi]n> but was:<[Joh]n>
	at models.SightingTest.testSighting_getCorrectRangerName_String(SightingTest.java:26)
]]></failure>
  </testcase>
</testsuite>