<?xml version="1.0" encoding="UTF-8"?>
<testsuite xmlns:xsi="http://www.w3.org/2001/XMLSchema-instance" xsi:schemaLocation="https://maven.apache.org/surefire/maven-surefire-plugin/xsd/surefire-test-report.xsd" name="models.EndangeredAnimalTest" time="2.683" tests="7" errors="5" skipped="0" failures="0">
  <properties>
[...]
</properties>
  <testcase name="endangeredAnimal_instantiatesCorrectly_true" classname="models.EndangeredAnimalTest" time="0.001"/>
  <testcase name="getHealth_returnsCorrectHealthAttribute_true" classname="models.EndangeredAnimalTest" time="0"/>
  <testcase name="all_returnsAllInstancesOfEndangeredAnimal_true" classname="models.EndangeredAnimalTest" time="0.514">
    <error message="Could not acquire a connection from DataSource - FATAL: no pg_hba.conf entry for host &quot;196.202.208.169&quot;, user &quot;hhgxpccvuyngmn&quot;, database &quot;d5j2hvlid2h80o&quot;, SSL off" type="org.sql2o.Sql2oException">org.sql2o.Sql2oException: Could not acquire a connection from DataSource - FATAL: no pg_hba.conf entry for host "196.202.208.169", user "hhgxpccvuyngmn", database "d5j2hvlid2h80o", SSL off
	at models.EndangeredAnimalTest.all_returnsAllInstancesOfEndangeredAnimal_true(EndangeredAnimalTest.java:30)
Caused by: org.postgresql.util.PSQLException: FATAL: no pg_hba.conf entry for host "196.202.208.169", user "hhgxpccvuyngmn", database "d5j2hvlid2h80o", SSL off
	at models.EndangeredAnimalTest.all_returnsAllInstancesOfEndangeredAnimal_true(EndangeredAnimalTest.java:30)
</error>
  </testcase>
  <testcase name="update_updatesAgeAttribute_true" classname="models.EndangeredAnimalTest" time="0.582">
    <error message="Could not acquire a connection from DataSource - FATAL: no pg_hba.conf entry for host &quot;196.202.208.169&quot;, user &quot;hhgxpccvuyngmn&quot;, database &quot;d5j2hvlid2h80o&quot;, SSL off" type="org.sql2o.Sql2oException">org.sql2o.Sql2oException: Could not acquire a connection from DataSource - FATAL: no pg_hba.conf entry for host "196.202.208.169", user "hhgxpccvuyngmn", database "d5j2hvlid2h80o", SSL off
	at models.EndangeredAnimalTest.update_updatesAgeAttribute_true(EndangeredAnimalTest.java:57)
Caused by: org.postgresql.util.PSQLException: FATAL: no pg_hba.conf entry for host "196.202.208.169", user "hhgxpccvuyngmn", database "d5j2hvlid2h80o", SSL off
	at models.EndangeredAnimalTest.update_updatesAgeAttribute_true(EndangeredAnimalTest.java:57)
</error>
  </testcase>
  <testcase name="save_assignsIdAndSavesObjectToDatabase" classname="models.EndangeredAnimalTest" time="0.526">
    <error message="Could not acquire a connection from DataSource - FATAL: no pg_hba.conf entry for host &quot;196.202.208.169&quot;, user &quot;hhgxpccvuyngmn&quot;, database &quot;d5j2hvlid2h80o&quot;, SSL off" type="org.sql2o.Sql2oException">org.sql2o.Sql2oException: Could not acquire a connection from DataSource - FATAL: no pg_hba.conf entry for host "196.202.208.169", user "hhgxpccvuyngmn", database "d5j2hvlid2h80o", SSL off
	at models.EndangeredAnimalTest.save_assignsIdAndSavesObjectToDatabase(EndangeredAnimalTest.java:22)
Caused by: org.postgresql.util.PSQLException: FATAL: no pg_hba.conf entry for host "196.202.208.169", user "hhgxpccvuyngmn", database "d5j2hvlid2h80o", SSL off
	at models.EndangeredAnimalTest.save_assignsIdAndSavesObjectToDatabase(EndangeredAnimalTest.java:22)
</error>
  </testcase>
  <testcase name="find_returnsAnimalWithSameId_secondAnimal" classname="models.EndangeredAnimalTest" time="0.519">
    <error message="Could not acquire a connection from DataSource - FATAL: no pg_hba.conf entry for host &quot;196.202.208.169&quot;, user &quot;hhgxpccvuyngmn&quot;, database &quot;d5j2hvlid2h80o&quot;, SSL off" type="org.sql2o.Sql2oException">org.sql2o.Sql2oException: Could not acquire a connection from DataSource - FATAL: no pg_hba.conf entry for host "196.202.208.169", user "hhgxpccvuyngmn", database "d5j2hvlid2h80o", SSL off
	at models.EndangeredAnimalTest.find_returnsAnimalWithSameId_secondAnimal(EndangeredAnimalTest.java:40)
Caused by: org.postgresql.util.PSQLException: FATAL: no pg_hba.conf entry for host "196.202.208.169", user "hhgxpccvuyngmn", database "d5j2hvlid2h80o", SSL off
	at models.EndangeredAnimalTest.find_returnsAnimalWithSameId_secondAnimal(EndangeredAnimalTest.java:40)
</error>
  </testcase>
  <testcase name="update_updatesHealthAttribute_true" classname="models.EndangeredAnimalTest" time="0.539">
    <error message="Could not acquire a connection from DataSource - FATAL: no pg_hba.conf entry for host &quot;196.202.208.169&quot;, user &quot;hhgxpccvuyngmn&quot;, database &quot;d5j2hvlid2h80o&quot;, SSL off" type="org.sql2o.Sql2oException">org.sql2o.Sql2oException: Could not acquire a connection from DataSource - FATAL: no pg_hba.conf entry for host "196.202.208.169", user "hhgxpccvuyngmn", database "d5j2hvlid2h80o", SSL off
	at models.EndangeredAnimalTest.update_updatesHealthAttribute_true(EndangeredAnimalTest.java:49)
Caused by: org.postgresql.util.PSQLException: FATAL: no pg_hba.conf entry for host "196.202.208.169", user "hhgxpccvuyngmn", database "d5j2hvlid2h80o", SSL off
	at models.EndangeredAnimalTest.update_updatesHealthAttribute_true(EndangeredAnimalTest.java:49)
</error>
  </testcase>
</testsuite>