<?xml version="1.0" encoding="UTF-8"?>
<testsuite xmlns:xsi="http://www.w3.org/2001/XMLSchema-instance" xsi:schemaLocation="https://maven.apache.org/surefire/maven-surefire-plugin/xsd/surefire-test-report.xsd" name="models.EndangeredTest" time="3.402" tests="7" errors="5" skipped="0" failures="1">
  <properties>
[...]
</properties>
  <testcase name="endangeredAnimal_instantiatesCorrectly_true" classname="models.EndangeredTest" time="0"/>
  <testcase name="getHealth_returnsCorrectHealthAttribute_true" classname="models.EndangeredTest" time="0.001">
    <failure message="expected:&lt;[Healthy]&gt; but was:&lt;[Ill]&gt;" type="org.junit.ComparisonFailure"><![CDATA[org.junit.ComparisonFailure: expected:<[Healthy]> but was:<[Ill]>
	at models.EndangeredTest.getHealth_returnsCorrectHealthAttribute_true(EndangeredTest.java:16)
]]></failure>
  </testcase>
  <testcase name="all_returnsAllInstancesOfEndangeredAnimal_true" classname="models.EndangeredTest" time="0.74">
    <error message="Could not acquire a connection from DataSource - FATAL: no pg_hba.conf entry for host &quot;154.153.170.206&quot;, user &quot;ccyhkvpngqxwcm&quot;, database &quot;d5j2hvlid2h80o&quot;, SSL off" type="org.sql2o.Sql2oException">org.sql2o.Sql2oException: Could not acquire a connection from DataSource - FATAL: no pg_hba.conf entry for host "154.153.170.206", user "ccyhkvpngqxwcm", database "d5j2hvlid2h80o", SSL off
	at models.EndangeredTest.all_returnsAllInstancesOfEndangeredAnimal_true(EndangeredTest.java:30)
Caused by: org.postgresql.util.PSQLException: FATAL: no pg_hba.conf entry for host "154.153.170.206", user "ccyhkvpngqxwcm", database "d5j2hvlid2h80o", SSL off
	at models.EndangeredTest.all_returnsAllInstancesOfEndangeredAnimal_true(EndangeredTest.java:30)
</error>
    <system-err><![CDATA[SLF4J: Failed to load class "org.slf4j.impl.StaticLoggerBinder".
SLF4J: Defaulting to no-operation (NOP) logger implementation
SLF4J: See http://www.slf4j.org/codes.html#StaticLoggerBinder for further details.
]]></system-err>
  </testcase>
  <testcase name="update_updatesAgeAttribute_true" classname="models.EndangeredTest" time="0.615">
    <error message="Could not acquire a connection from DataSource - FATAL: no pg_hba.conf entry for host &quot;154.153.170.206&quot;, user &quot;ccyhkvpngqxwcm&quot;, database &quot;d5j2hvlid2h80o&quot;, SSL off" type="org.sql2o.Sql2oException">org.sql2o.Sql2oException: Could not acquire a connection from DataSource - FATAL: no pg_hba.conf entry for host "154.153.170.206", user "ccyhkvpngqxwcm", database "d5j2hvlid2h80o", SSL off
	at models.EndangeredTest.update_updatesAgeAttribute_true(EndangeredTest.java:57)
Caused by: org.postgresql.util.PSQLException: FATAL: no pg_hba.conf entry for host "154.153.170.206", user "ccyhkvpngqxwcm", database "d5j2hvlid2h80o", SSL off
	at models.EndangeredTest.update_updatesAgeAttribute_true(EndangeredTest.java:57)
</error>
  </testcase>
  <testcase name="save_assignsIdAndSavesObjectToDatabase" classname="models.EndangeredTest" time="0.744">
    <error message="Could not acquire a connection from DataSource - FATAL: no pg_hba.conf entry for host &quot;154.153.170.206&quot;, user &quot;ccyhkvpngqxwcm&quot;, database &quot;d5j2hvlid2h80o&quot;, SSL off" type="org.sql2o.Sql2oException">org.sql2o.Sql2oException: Could not acquire a connection from DataSource - FATAL: no pg_hba.conf entry for host "154.153.170.206", user "ccyhkvpngqxwcm", database "d5j2hvlid2h80o", SSL off
	at models.EndangeredTest.save_assignsIdAndSavesObjectToDatabase(EndangeredTest.java:22)
Caused by: org.postgresql.util.PSQLException: FATAL: no pg_hba.conf entry for host "154.153.170.206", user "ccyhkvpngqxwcm", database "d5j2hvlid2h80o", SSL off
	at models.EndangeredTest.save_assignsIdAndSavesObjectToDatabase(EndangeredTest.java:22)
</error>
  </testcase>
  <testcase name="find_returnsAnimalWithSameId_secondAnimal" classname="models.EndangeredTest" time="0.71">
    <error message="Could not acquire a connection from DataSource - FATAL: no pg_hba.conf entry for host &quot;154.153.170.206&quot;, user &quot;ccyhkvpngqxwcm&quot;, database &quot;d5j2hvlid2h80o&quot;, SSL off" type="org.sql2o.Sql2oException">org.sql2o.Sql2oException: Could not acquire a connection from DataSource - FATAL: no pg_hba.conf entry for host "154.153.170.206", user "ccyhkvpngqxwcm", database "d5j2hvlid2h80o", SSL off
	at models.EndangeredTest.find_returnsAnimalWithSameId_secondAnimal(EndangeredTest.java:40)
Caused by: org.postgresql.util.PSQLException: FATAL: no pg_hba.conf entry for host "154.153.170.206", user "ccyhkvpngqxwcm", database "d5j2hvlid2h80o", SSL off
	at models.EndangeredTest.find_returnsAnimalWithSameId_secondAnimal(EndangeredTest.java:40)
</error>
  </testcase>
  <testcase name="update_updatesHealthAttribute_true" classname="models.EndangeredTest" time="0.59">
    <error message="Could not acquire a connection from DataSource - FATAL: no pg_hba.conf entry for host &quot;154.153.170.206&quot;, user &quot;ccyhkvpngqxwcm&quot;, database &quot;d5j2hvlid2h80o&quot;, SSL off" type="org.sql2o.Sql2oException">org.sql2o.Sql2oException: Could not acquire a connection from DataSource - FATAL: no pg_hba.conf entry for host "154.153.170.206", user "ccyhkvpngqxwcm", database "d5j2hvlid2h80o", SSL off
	at models.EndangeredTest.update_updatesHealthAttribute_true(EndangeredTest.java:49)
Caused by: org.postgresql.util.PSQLException: FATAL: no pg_hba.conf entry for host "154.153.170.206", user "ccyhkvpngqxwcm", database "d5j2hvlid2h80o", SSL off
	at models.EndangeredTest.update_updatesHealthAttribute_true(EndangeredTest.java:49)
</error>
  </testcase>
</testsuite>